{
  "RSpec": {
    "coverage": {
      "/Users/researchfellow/Code/G1 Technologies/Misar AI/MisarMail/sdks/ruby/lib/misar_mail.rb": {
        "lines": [
          null,
          null,
          1,
          1,
          1,
          null,
          1,
          1,
          1,
          null,
          null
        ]
      },
      "/Users/researchfellow/Code/G1 Technologies/Misar AI/MisarMail/sdks/ruby/lib/misar_mail/errors.rb": {
        "lines": [
          1,
          1,
          1,
          null,
          1,
          23,
          23,
          23,
          null,
          null,
          1,
          null,
          3,
          null,
          2,
          null,
          3,
          null,
          null,
          null,
          null,
          null,
          null,
          null,
          null,
          null,
          1,
          null,
          1,
          null,
          1,
          null,
          1,
          null,
          1,
          null,
          1,
          6,
          16,
          6,
          null,
          null,
          6,
          null,
          6,
          6,
          6,
          6,
          6,
          null,
          null,
          null,
          1,
          1,
          3,
          3,
          null,
          null,
          null
        ]
      },
      "/Users/researchfellow/Code/G1 Technologies/Misar AI/MisarMail/sdks/ruby/lib/misar_mail/core/webhooks.rb": {
        "lines": [
          null,
          null,
          1,
          null,
          1,
          null,
          null,
          null,
          null,
          null,
          null,
          null,
          null,
          null,
          1,
          1,
          null,
          1,
          null,
          null,
          null,
          1,
          73,
          null,
          10,
          null,
          null,
          null,
          8,
          null,
          6,
          null,
          null,
          null,
          null,
          null,
          null,
          1,
          9,
          null,
          7,
          333,
          7,
          null,
          null,
          null,
          null,
          null,
          1,
          26,
          null,
          null,
          null
        ]
      },
      "/Users/researchfellow/Code/G1 Technologies/Misar AI/MisarMail/sdks/ruby/lib/misar_mail/client.rb": {
        "lines": [
          1,
          1,
          1,
          1,
          null,
          1,
          null,
          1,
          1,
          1,
          1,
          1,
          1,
          null,
          null,
          null,
          1,
          1,
          4587,
          null,
          null,
          1,
          null,
          null,
          null,
          null,
          null,
          null,
          null,
          null,
          null,
          1,
          27,
          null,
          null,
          1,
          9,
          null,
          null,
          null,
          null,
          null,
          1,
          1,
          10,
          null,
          null,
          null,
          null,
          null,
          1,
          1,
          2,
          null,
          null,
          1,
          1,
          null,
          null,
          1,
          2,
          null,
          null,
          1,
          1,
          null,
          null,
          1,
          1,
          null,
          null,
          1,
          1,
          null,
          null,
          null,
          null,
          null,
          1,
          1,
          2,
          2,
          null,
          null,
          1,
          1,
          null,
          null,
          1,
          1,
          null,
          null,
          1,
          1,
          null,
          null,
          1,
          2,
          null,
          null,
          1,
          1,
          null,
          null,
          null,
          null,
          null,
          1,
          1,
          1,
          null,
          null,
          1,
          1,
          null,
          null,
          1,
          1,
          null,
          null,
          1,
          1,
          null,
          null,
          1,
          1,
          null,
          null,
          1,
          1,
          null,
          null,
          null,
          null,
          null,
          1,
          1,
          1,
          1,
          null,
          null,
          1,
          1,
          null,
          null,
          1,
          1,
          null,
          null,
          1,
          1,
          null,
          null,
          1,
          1,
          null,
          null,
          1,
          1,
          null,
          null,
          null,
          null,
          null,
          1,
          1,
          1,
          null,
          null,
          1,
          1,
          null,
          null,
          1,
          1,
          null,
          null,
          1,
          1,
          null,
          null,
          1,
          1,
          null,
          null,
          null,
          null,
          null,
          null,
          1,
          1,
          1,
          null,
          null,
          1,
          2,
          null,
          null,
          1,
          1,
          null,
          null,
          1,
          1,
          null,
          null,
          null,
          null,
          null,
          null,
          1,
          1,
          1,
          null,
          null,
          1,
          1,
          null,
          null,
          1,
          1,
          null,
          null,
          1,
          1,
          null,
          null,
          null,
          null,
          null,
          1,
          1,
          1,
          null,
          null,
          1,
          1,
          1,
          null,
          null,
          1,
          1,
          null,
          null,
          null,
          null,
          null,
          1,
          1,
          1,
          1,
          null,
          null,
          1,
          1,
          null,
          null,
          1,
          1,
          null,
          null,
          1,
          1,
          null,
          null,
          null,
          null,
          null,
          1,
          1,
          1,
          1,
          null,
          null,
          null,
          null,
          null,
          1,
          1,
          1,
          null,
          null,
          1,
          1,
          null,
          null,
          null,
          null,
          null,
          1,
          1,
          1,
          null,
          null,
          1,
          1,
          null,
          null,
          1,
          2,
          null,
          null,
          1,
          1,
          null,
          null,
          null,
          null,
          null,
          1,
          1,
          1,
          null,
          null,
          null,
          null,
          null,
          1,
          1,
          1,
          null,
          null,
          1,
          1,
          null,
          null,
          1,
          1,
          null,
          null,
          1,
          1,
          null,
          null,
          1,
          2,
          null,
          null,
          1,
          1,
          null,
          null,
          null,
          null,
          null,
          1,
          1,
          1,
          1,
          null,
          null,
          null,
          null,
          null,
          1,
          1,
          1,
          null,
          null,
          1,
          1,
          null,
          null,
          null,
          null,
          null,
          null,
          null,
          null,
          null,
          null,
          null,
          1,
          null,
          1,
          2,
          null,
          null,
          null,
          1,
          1,
          null,
          null,
          null,
          null,
          null,
          null,
          null,
          null,
          1,
          null,
          1,
          1,
          null,
          null,
          null,
          null,
          1,
          null,
          1,
          2,
          null,
          null,
          null,
          null,
          1,
          null,
          1,
          1,
          null,
          null,
          null,
          1,
          1,
          null,
          null,
          null,
          null,
          1,
          null,
          1,
          1,
          null,
          null,
          null,
          1,
          1,
          null,
          null,
          null,
          1,
          1,
          null,
          null,
          null,
          1,
          1,
          null,
          null,
          null,
          null,
          1,
          null,
          1,
          1,
          null,
          null,
          null,
          null,
          1,
          null,
          1,
          3,
          null,
          null,
          null,
          1,
          1,
          null,
          null,
          null,
          1,
          1,
          null,
          null,
          null,
          null,
          1,
          null,
          1,
          1,
          null,
          null,
          null,
          null,
          1,
          null,
          1,
          1,
          null,
          null,
          null,
          null,
          1,
          null,
          1,
          1,
          null,
          null,
          null,
          null,
          1,
          null,
          1,
          1,
          null,
          null,
          null,
          null,
          1,
          null,
          1,
          1,
          null,
          null,
          null,
          1,
          1,
          null,
          null,
          null,
          1,
          1,
          null,
          null,
          null,
          null,
          1,
          null,
          1,
          1,
          null,
          null,
          null,
          null,
          1,
          null,
          1,
          4,
          null,
          null,
          null,
          1,
          1,
          null,
          null,
          null,
          1,
          1,
          null,
          null,
          null,
          null,
          1,
          null,
          1,
          9,
          null,
          null,
          null,
          null,
          null,
          null,
          null,
          null,
          null,
          1,
          null,
          null,
          null,
          null,
          null,
          null,
          1,
          null,
          null,
          null,
          null,
          null,
          null,
          null,
          1,
          14,
          null,
          null,
          null,
          1,
          3,
          3,
          null,
          null,
          null,
          1,
          1,
          1,
          null,
          null,
          null,
          null,
          null,
          null,
          null,
          1,
          139,
          139,
          139,
          139,
          null,
          139,
          139,
          139,
          139,
          139,
          139,
          139,
          139,
          139,
          139,
          139,
          139,
          139,
          139,
          139,
          139,
          139,
          139,
          139,
          139,
          139,
          139,
          139,
          139,
          139,
          139,
          139,
          139,
          139,
          139,
          139,
          139,
          139,
          null,
          null,
          null,
          null,
          null,
          null,
          null,
          null,
          1,
          121,
          121,
          121,
          121,
          null,
          121,
          null,
          121,
          null,
          123,
          123,
          123,
          123,
          null,
          123,
          122,
          117,
          null,
          null,
          null,
          117,
          5,
          null,
          null,
          null,
          null,
          null,
          null,
          null,
          112,
          1,
          1,
          null,
          null,
          111,
          null,
          null,
          null,
          5,
          2,
          2,
          null,
          3,
          null,
          null,
          null,
          1,
          null,
          null,
          null,
          null,
          null,
          null,
          null,
          null,
          null,
          null,
          1,
          17,
          null,
          16,
          16,
          16,
          16,
          null,
          16,
          16,
          null,
          16,
          16,
          16,
          4,
          null,
          4,
          null,
          2,
          null,
          4,
          1,
          null,
          null,
          3,
          null,
          null,
          12,
          12,
          12,
          null,
          12,
          28,
          null,
          26,
          26,
          26,
          26,
          26,
          null,
          null,
          16,
          null,
          1,
          null,
          16,
          null,
          null,
          12,
          12,
          null,
          40,
          26,
          26,
          null,
          26,
          28,
          null,
          26,
          1,
          25,
          25,
          null,
          null,
          null,
          26,
          26,
          null,
          16,
          null,
          null,
          null,
          null,
          2,
          3,
          null,
          3,
          1,
          2,
          2,
          null,
          null,
          2,
          2,
          null,
          null,
          null,
          1,
          null,
          1,
          139,
          62,
          55,
          7,
          1,
          13,
          1,
          null,
          null,
          138,
          138,
          138,
          138,
          138,
          138,
          null,
          null,
          null,
          1,
          117,
          117,
          null,
          null,
          null,
          null,
          1,
          5,
          null,
          null,
          null,
          null,
          null,
          null,
          null,
          null,
          1,
          127,
          null,
          121,
          119,
          null,
          2,
          null,
          null,
          1,
          6,
          null,
          0,
          null,
          null,
          1,
          null,
          null,
          null,
          111,
          null,
          null,
          108,
          null,
          5,
          null,
          null,
          108,
          7,
          null,
          7,
          7,
          null,
          null,
          101,
          null,
          null,
          null
        ]
      },
      "/Users/researchfellow/Code/G1 Technologies/Misar AI/MisarMail/sdks/ruby/lib/misar_mail/core/query.rb": {
        "lines": [
          null,
          null,
          1,
          null,
          1,
          1,
          null,
          1,
          null,
          null,
          null,
          1,
          9,
          null,
          20,
          12,
          8,
          null,
          null,
          null,
          null
        ]
      }
    },
    "timestamp": 1787081604
  }
}
